# JRE version: Java(TM) SE Runtime Environment (17.0.12+8) (build 17.0.12+8-LTS-286)
# Java VM: Java HotSpot(TM) 64-Bit Server VM (17.0.12+8-LTS-286, mixed mode, sharing, tiered, compressed oops, compressed class ptrs, g1 gc, windows-amd64)
GC Precious Log:
 CPUs: 8 total, 8 available
 Memory: 16194M
 Large Page Support: Disabled
 NUMA Support: Disabled
 Compressed Oops: Enabled (32-bit)
 Heap Region Size: 1M
 Heap Min Capacity: 256M
 Heap Initial Capacity: 256M
 Heap Max Capacity: 512M
 Pre-touch: Disabled
 Parallel Workers: 8
 Concurrent Workers: 2
 Concurrent Refinement Workers: 8
 Periodic GC: Disabled
Heap:
 garbage-first heap   total 327680K, used 96330K [0x00000000e0000000, 0x0000000100000000)
  region size 1024K, 11 young (11264K), 2 survivors (2048K)
 Metaspace       used 87995K, committed 88640K, reserved 458752K
  class space    used 11139K, committed 11456K, reserved 327680K
GC Heap History (20 events):
Event: 5526.814 GC heap before
{Heap before GC invocations=56 (full 0):
 garbage-first heap   total 262144K, used 210309K [0x00000000e0000000, 0x0000000100000000)
  region size 1024K, 84 young (86016K), 7 survivors (7168K)
 Metaspace       used 87612K, committed 88384K, reserved 458752K
  class space    used 11122K, committed 11456K, reserved 327680K
}
Event: 5526.819 GC heap after
{Heap after GC invocations=57 (full 0):
 garbage-first heap   total 262144K, used 129378K [0x00000000e0000000, 0x0000000100000000)
  region size 1024K, 8 young (8192K), 8 survivors (8192K)
 Metaspace       used 87612K, committed 88384K, reserved 458752K
  class space    used 11122K, committed 11456K, reserved 327680K
}
Event: 5526.841 GC heap before
{Heap before GC invocations=57 (full 0):
 garbage-first heap   total 262144K, used 133474K [0x00000000e0000000, 0x0000000100000000)
  region size 1024K, 12 young (12288K), 8 survivors (8192K)
 Metaspace       used 87618K, committed 88384K, reserved 458752K
  class space    used 11122K, committed 11456K, reserved 327680K
}
Event: 5526.847 GC heap after
{Heap after GC invocations=58 (full 0):
 garbage-first heap   total 262144K, used 100438K [0x00000000e0000000, 0x0000000100000000)
  region size 1024K, 2 young (2048K), 2 survivors (2048K)
 Metaspace       used 87618K, committed 88384K, reserved 458752K
  class space    used 11122K, committed 11456K, reserved 327680K
}
Event: 5526.878 GC heap before
{Heap before GC invocations=58 (full 0):
 garbage-first heap   total 262144K, used 110678K [0x00000000e0000000, 0x0000000100000000)
  region size 1024K, 12 young (12288K), 2 survivors (2048K)
 Metaspace       used 87626K, committed 88384K, reserved 458752K
  class space    used 11122K, committed 11456K, reserved 327680K
}
Event: 5526.888 GC heap after
{Heap after GC invocations=59 (full 0):
 garbage-first heap   total 262144K, used 90122K [0x00000000e0000000, 0x0000000100000000)
  region size 1024K, 1 young (1024K), 1 survivors (1024K)
 Metaspace       used 87626K, committed 88384K, reserved 458752K
  class space    used 11122K, committed 11456K, reserved 327680K
}
Event: 5527.722 GC heap before
{Heap before GC invocations=59 (full 0):
 garbage-first heap   total 262144K, used 206858K [0x00000000e0000000, 0x0000000100000000)
  region size 1024K, 116 young (118784K), 1 survivors (1024K)
 Metaspace       used 87654K, committed 88384K, reserved 458752K
  class space    used 11127K, committed 11456K, reserved 327680K
}
Event: 5527.734 GC heap after
{Heap after GC invocations=60 (full 0):
 garbage-first heap   total 262144K, used 103849K [0x00000000e0000000, 0x0000000100000000)
  region size 1024K, 15 young (15360K), 15 survivors (15360K)
 Metaspace       used 87654K, committed 88384K, reserved 458752K
  class space    used 11127K, committed 11456K, reserved 327680K
}
Event: 5528.949 GC heap before
{Heap before GC invocations=61 (full 0):
 garbage-first heap   total 262144K, used 203051K [0x00000000e0000000, 0x0000000100000000)
  region size 1024K, 115 young (117760K), 15 survivors (15360K)
 Metaspace       used 87834K, committed 88448K, reserved 458752K
  class space    used 11125K, committed 11456K, reserved 327680K
}
Event: 5528.958 GC heap after
{Heap after GC invocations=62 (full 0):
 garbage-first heap   total 262144K, used 97635K [0x00000000e0000000, 0x0000000100000000)
  region size 1024K, 5 young (5120K), 5 survivors (5120K)
 Metaspace       used 87834K, committed 88448K, reserved 458752K
  class space    used 11125K, committed 11456K, reserved 327680K
}
Event: 5529.008 GC heap before
{Heap before GC invocations=62 (full 0):
 garbage-first heap   total 262144K, used 104803K [0x00000000e0000000, 0x0000000100000000)
  region size 1024K, 12 young (12288K), 5 survivors (5120K)
 Metaspace       used 87835K, committed 88448K, reserved 458752K
  class space    used 11125K, committed 11456K, reserved 327680K
}
Event: 5529.015 GC heap after
{Heap after GC invocations=63 (full 0):
 garbage-first heap   total 262144K, used 85867K [0x00000000e0000000, 0x0000000100000000)
  region size 1024K, 1 young (1024K), 1 survivors (1024K)
 Metaspace       used 87835K, committed 88448K, reserved 458752K
  class space    used 11125K, committed 11456K, reserved 327680K
}
Event: 5529.044 GC heap before
{Heap before GC invocations=63 (full 0):
 garbage-first heap   total 262144K, used 87915K [0x00000000e0000000, 0x0000000100000000)
  region size 1024K, 4 young (4096K), 1 survivors (1024K)
 Metaspace       used 87864K, committed 88512K, reserved 458752K
  class space    used 11129K, committed 11456K, reserved 327680K
}
Event: 5529.046 GC heap after
{Heap after GC invocations=64 (full 0):
 garbage-first heap   total 262144K, used 85230K [0x00000000e0000000, 0x0000000100000000)
  region size 1024K, 1 young (1024K), 1 survivors (1024K)
 Metaspace       used 87864K, committed 88512K, reserved 458752K
  class space    used 11129K, committed 11456K, reserved 327680K
}
Event: 5530.711 GC heap before
{Heap before GC invocations=65 (full 0):
 garbage-first heap   total 262144K, used 216302K [0x00000000e0000000, 0x0000000100000000)
  region size 1024K, 122 young (124928K), 1 survivors (1024K)
 Metaspace       used 87900K, committed 88512K, reserved 458752K
  class space    used 11130K, committed 11456K, reserved 327680K
}
Event: 5530.719 GC heap after
{Heap after GC invocations=66 (full 0):
 garbage-first heap   total 262144K, used 98380K [0x00000000e0000000, 0x0000000100000000)
  region size 1024K, 13 young (13312K), 13 survivors (13312K)
 Metaspace       used 87900K, committed 88512K, reserved 458752K
  class space    used 11130K, committed 11456K, reserved 327680K
}
Event: 5530.724 GC heap before
{Heap before GC invocations=66 (full 0):
 garbage-first heap   total 262144K, used 99404K [0x00000000e0000000, 0x0000000100000000)
  region size 1024K, 14 young (14336K), 13 survivors (13312K)
 Metaspace       used 87900K, committed 88512K, reserved 458752K
  class space    used 11130K, committed 11456K, reserved 327680K
}
Event: 5530.731 GC heap after
{Heap after GC invocations=67 (full 0):
 garbage-first heap   total 262144K, used 87854K [0x00000000e0000000, 0x0000000100000000)
  region size 1024K, 1 young (1024K), 1 survivors (1024K)
 Metaspace       used 87900K, committed 88512K, reserved 458752K
  class space    used 11130K, committed 11456K, reserved 327680K
}
Event: 5530.810 GC heap before
{Heap before GC invocations=67 (full 0):
 garbage-first heap   total 262144K, used 95022K [0x00000000e0000000, 0x0000000100000000)
  region size 1024K, 9 young (9216K), 1 survivors (1024K)
 Metaspace       used 87918K, committed 88576K, reserved 458752K
  class space    used 11132K, committed 11456K, reserved 327680K
}
Event: 5530.812 GC heap after
{Heap after GC invocations=68 (full 0):
 garbage-first heap   total 354304K, used 88138K [0x00000000e0000000, 0x0000000100000000)
  region size 1024K, 2 young (2048K), 2 survivors (2048K)
 Metaspace       used 87918K, committed 88576K, reserved 458752K
  class space    used 11132K, committed 11456K, reserved 327680K
}

